<?xml version="1.0" encoding="UTF-8"?>
<robot generator="Robot 7.2.2 (Python 3.11.5 on win32)" generated="2025-06-05T14:57:42.389049" rpa="false" schemaversion="5">
<suite id="s1" name="Web Access" source="d:\sample_automation\robot\web_access.robot">
<test id="s1-t1" name="NAVER : Check Main Page" line="7">
<kw name="Initialize Environment" owner="web_access" type="SETUP">
<kw name="No Operation" owner="BuiltIn">
<doc>Does absolutely nothing.</doc>
<status status="PASS" start="2025-06-05T14:57:42.434835" elapsed="0.000000"/>
</kw>
<doc>각 Test Case 수행 시 환경 초기화를 위함</doc>
<status status="PASS" start="2025-06-05T14:57:42.433803" elapsed="0.001032"/>
</kw>
<kw name="Access To Web Page" owner="web_access">
<kw name="Check Main Page" owner="main_page_test_case">
<arg>${url}</arg>
<status status="PASS" start="2025-06-05T14:57:42.435839" elapsed="10.897789"/>
</kw>
<arg>https://www.naver.com</arg>
<status status="PASS" start="2025-06-05T14:57:42.434835" elapsed="10.899793"/>
</kw>
<kw name="Close Environment" owner="web_access" type="TEARDOWN">
<kw name="No Operation" owner="BuiltIn">
<doc>Does absolutely nothing.</doc>
<status status="PASS" start="2025-06-05T14:57:53.334628" elapsed="0.001001"/>
</kw>
<doc>각 Test Case 완료 후 환경 정리를 위함</doc>
<status status="PASS" start="2025-06-05T14:57:53.334628" elapsed="0.001001"/>
</kw>
<status status="PASS" start="2025-06-05T14:57:42.433803" elapsed="10.901826"/>
</test>
<status status="PASS" start="2025-06-05T14:57:42.391731" elapsed="10.944898"/>
</suite>
<statistics>
<total>
<stat pass="1" fail="0" skip="0">All Tests</stat>
</total>
<tag>
</tag>
<suite>
<stat name="Web Access" id="s1" pass="1" fail="0" skip="0">Web Access</stat>
</suite>
</statistics>
<errors>
</errors>
</robot>
