<?xml version="1.0" encoding="UTF-8"?>
<robot generator="Robot 7.3 (Python 3.11.11 on darwin)" generated="2025-06-10T14:25:23.710024" rpa="false" schemaversion="5">
<suite id="s1" name="Web Access" source="/Users/ahram/Desktop/sample_automation/robot/web_access.robot">
<test id="s1-t1" name="NAVER : Check Main Page" line="8">
<kw name="Initialize Environment" owner="web_access" type="SETUP">
<kw name="No Operation" owner="BuiltIn">
<doc>Does absolutely nothing.</doc>
<status status="PASS" start="2025-06-10T14:25:23.756293" elapsed="0.000067"/>
</kw>
<doc>각 Test Case 수행 시 환경 초기화를 위함</doc>
<status status="PASS" start="2025-06-10T14:25:23.756037" elapsed="0.000369"/>
</kw>
<kw name="Access To Web Page" owner="web_access">
<kw name="Check Main Page" owner="main_page_test_case">
<arg>${url}</arg>
<status status="PASS" start="2025-06-10T14:25:23.756638" elapsed="6.394596"/>
</kw>
<arg>https://www.naver.com</arg>
<status status="PASS" start="2025-06-10T14:25:23.756512" elapsed="6.394897"/>
</kw>
<kw name="Check Web Title" owner="main_page_test_case">
<arg>https://www.naver.com</arg>
<status status="PASS" start="2025-06-10T14:25:30.151657" elapsed="1.918370"/>
</kw>
<kw name="Close Environment" owner="web_access" type="TEARDOWN">
<kw name="No Operation" owner="BuiltIn">
<doc>Does absolutely nothing.</doc>
<status status="PASS" start="2025-06-10T14:25:32.070783" elapsed="0.000086"/>
</kw>
<doc>각 Test Case 완료 후 환경 정리를 위함</doc>
<status status="PASS" start="2025-06-10T14:25:32.070553" elapsed="0.000352"/>
</kw>
<status status="PASS" start="2025-06-10T14:25:23.755669" elapsed="8.315282"/>
</test>
<status status="PASS" start="2025-06-10T14:25:23.710800" elapsed="8.360450"/>
</suite>
<statistics>
<total>
<stat pass="1" fail="0" skip="0">All Tests</stat>
</total>
<tag>
</tag>
<suite>
<stat name="Web Access" id="s1" pass="1" fail="0" skip="0">Web Access</stat>
</suite>
</statistics>
<errors>
</errors>
</robot>
